[13:48:04] [main/INFO] (FabricLoader/GameProvider) Loading Minecraft 1.19.3 with Fabric Loader 0.14.11
[13:48:04] [ForkJoinPool-1-worker-1/WARN] (FabricLoader/Metadata) Mod celestialspheres uses the version ${version} which isn't compatible with Loader's extended semantic version format (Could not parse version number component '${version}'!), SemVer is recommended for reliably evaluating dependencies and prioritizing newer version
[13:48:05] [main/INFO] (FabricLoader) Loading 45 mods:
	- celestialspheres ${version}
	- fabric-api 0.69.1+1.19.3
	- fabric-api-base 0.4.19+8d1895cf85
	- fabric-api-lookup-api-v1 1.6.18+49abcf7e85
	- fabric-biome-api-v1 12.0.0+689f5e7185
	- fabric-block-api-v1 1.0.3+12bfe4ea85
	- fabric-blockrenderlayer-v1 1.1.28+c6af733c85
	- fabric-client-tags-api-v1 1.0.9+49abcf7e85
	- fabric-command-api-v2 2.1.15+49abcf7e85
	- fabric-content-registries-v0 3.4.12+49abcf7e85
	- fabric-convention-tags-v1 1.2.0+8e4e694f85
	- fabric-crash-report-info-v1 0.2.12+aeb40ebe85
	- fabric-data-generation-api-v1 11.1.1+112a38be85
	- fabric-dimensions-v1 2.1.39+48349a3f85
	- fabric-entity-events-v1 1.5.5+b83334a085
	- fabric-events-interaction-v0 0.4.37+422b77fb85
	- fabric-game-rule-api-v1 1.0.28+2894d6df85
	- fabric-gametest-api-v1 1.1.14+a933721085
	- fabric-item-api-v1 2.1.5+4d2c606385
	- fabric-item-group-api-v1 2.1.8+d3d735d085
	- fabric-key-binding-api-v1 1.0.28+aaaf9d3385
	- fabric-lifecycle-events-v1 2.2.8+2894d6df85
	- fabric-loot-api-v2 1.1.18+75e9821185
	- fabric-message-api-v1 5.0.12+6ede1da985
	- fabric-mining-level-api-v1 2.1.29+49abcf7e85
	- fabric-models-v0 0.3.25+11ba9c3b85
	- fabric-networking-api-v1 1.2.14+d9ac3c3985
	- fabric-object-builder-api-v1 5.2.0+e9dee00485
	- fabric-particles-v1 1.0.18+fbde993d85
	- fabric-registry-sync-v0 2.0.1+2608564685
	- fabric-renderer-api-v1 2.1.0+2063beff85
	- fabric-renderer-indigo 0.6.23+11ba9c3b85
	- fabric-rendering-data-attachment-v1 0.3.23+48349a3f85
	- fabric-rendering-fluids-v1 3.0.16+3067f46385
	- fabric-rendering-v1 1.11.7+49abcf7e85
	- fabric-resource-conditions-api-v1 2.2.0+280be3ab85
	- fabric-resource-loader-v0 0.10.3+a10d22bd85
	- fabric-screen-api-v1 1.0.39+1d4d0b5785
	- fabric-screen-handler-api-v1 1.3.10+689f5e7185
	- fabric-sound-api-v1 1.0.6+75e9821185
	- fabric-transfer-api-v1 2.1.12+82a2701785
	- fabric-transitive-access-wideners-v1 2.1.0+0efcd39b85
	- fabricloader 0.14.11
	- java 17
	- minecraft 1.19.3
[13:48:05] [main/INFO] (FabricLoader/Mixin) SpongePowered MIXIN Subsystem Version=0.8.5 Source=file:/Users/chara/.gradle/caches/modules-2/files-2.1/net.fabricmc/sponge-mixin/0.11.4+mixin.0.8.5/c1dc27696aa4006e492c2485c9ccbcb26045a971/sponge-mixin-0.11.4+mixin.0.8.5.jar Service=Knot/Fabric Env=CLIENT
[13:48:05] [main/INFO] (FabricLoader/Mixin) Loaded Fabric development mappings for mixin remapper!
[13:48:05] [main/INFO] (FabricLoader/Mixin) Compatibility level set to JAVA_16
[13:48:05] [main/INFO] (FabricLoader/Mixin) Compatibility level set to JAVA_17
[13:48:07] [main/WARN] (FileUtil) Configuration conflict: there is more than one oshi.properties file on the classpath: [jar:file:/Users/chara/.gradle/caches/modules-2/files-2.1/com.github.oshi/oshi-core/6.2.2/54f5efc19bca95d709d9a37d19ffcbba3d21c1a6/oshi-core-6.2.2.jar!/oshi.properties, jar:file:/Users/chara/.gradle/caches/modules-2/files-2.1/com.github.oshi/oshi-core/6.2.2/54f5efc19bca95d709d9a37d19ffcbba3d21c1a6/oshi-core-6.2.2.jar!/oshi.properties]
[13:48:08] [main/WARN] (FileUtil) Configuration conflict: there is more than one oshi.architecture.properties file on the classpath: [jar:file:/Users/chara/.gradle/caches/modules-2/files-2.1/com.github.oshi/oshi-core/6.2.2/54f5efc19bca95d709d9a37d19ffcbba3d21c1a6/oshi-core-6.2.2.jar!/oshi.architecture.properties, jar:file:/Users/chara/.gradle/caches/modules-2/files-2.1/com.github.oshi/oshi-core/6.2.2/54f5efc19bca95d709d9a37d19ffcbba3d21c1a6/oshi-core-6.2.2.jar!/oshi.architecture.properties]
[13:48:15] [main/INFO] (Minecraft) Building optimized datafixer
[13:48:26] [Render thread/INFO] (Minecraft) Environment: authHost='https://authserver.mojang.com', accountsHost='https://api.mojang.com', sessionHost='https://sessionserver.mojang.com', servicesHost='https://api.minecraftservices.com', name='PROD'
[13:48:28] [Render thread/ERROR] (Minecraft) Failed to verify authentication
com.mojang.authlib.exceptions.InvalidCredentialsException: Status: 401
	at com.mojang.authlib.exceptions.MinecraftClientHttpException.toAuthenticationException(MinecraftClientHttpException.java:56) ~[authlib-3.16.29.jar:?]
	at com.mojang.authlib.yggdrasil.YggdrasilUserApiService.fetchProperties(YggdrasilUserApiService.java:156) ~[authlib-3.16.29.jar:?]
	at com.mojang.authlib.yggdrasil.YggdrasilUserApiService.<init>(YggdrasilUserApiService.java:55) ~[authlib-3.16.29.jar:?]
	at com.mojang.authlib.yggdrasil.YggdrasilAuthenticationService.createUserApiService(YggdrasilAuthenticationService.java:161) ~[authlib-3.16.29.jar:?]
	at net.minecraft.client.MinecraftClient.createUserApiService(MinecraftClient.java:709) ~[minecraft-project-@-merged-named.jar:?]
	at net.minecraft.client.MinecraftClient.<init>(MinecraftClient.java:504) ~[minecraft-project-@-merged-named.jar:?]
	at net.minecraft.client.main.Main.main(Main.java:185) ~[minecraft-project-@-merged-named.jar:?]
	at net.minecraft.client.main.Main.main(Main.java:56) ~[minecraft-project-@-merged-named.jar:?]
	at net.fabricmc.loader.impl.game.minecraft.MinecraftGameProvider.launch(MinecraftGameProvider.java:461) ~[fabric-loader-0.14.11.jar:?]
	at net.fabricmc.loader.impl.launch.knot.Knot.launch(Knot.java:74) ~[fabric-loader-0.14.11.jar:?]
	at net.fabricmc.loader.impl.launch.knot.KnotClient.main(KnotClient.java:23) ~[fabric-loader-0.14.11.jar:?]
	at net.fabricmc.devlaunchinjector.Main.main(Main.java:86) ~[dev-launch-injector-0.2.1+build.8.jar:?]
Caused by: com.mojang.authlib.exceptions.MinecraftClientHttpException: Status: 401
	at com.mojang.authlib.minecraft.client.MinecraftClient.readInputStream(MinecraftClient.java:85) ~[authlib-3.16.29.jar:?]
	at com.mojang.authlib.minecraft.client.MinecraftClient.get(MinecraftClient.java:48) ~[authlib-3.16.29.jar:?]
	at com.mojang.authlib.yggdrasil.YggdrasilUserApiService.fetchProperties(YggdrasilUserApiService.java:129) ~[authlib-3.16.29.jar:?]
	... 10 more
[13:48:29] [Render thread/INFO] (Minecraft) Setting user: Player944
[13:48:32] [Render thread/INFO] (Indigo) [Indigo] Registering Indigo renderer!
[13:48:35] [Render thread/INFO] (Minecraft) Backend library: LWJGL version 3.3.1 SNAPSHOT
[13:48:39] [Render thread/INFO] (Minecraft) Reloading ResourceManager: vanilla, Fabric Mods (Fabric Screen Handler API (v1), Fabric Resource Loader (v0), Fabric Message API (v1), Fabric Entity Events (v1), Fabric Lifecycle Events (v1), Fabric Registry Sync (v0), Fabric Dimensions API (v1), Fabric Renderer API (v1), Fabric Game Test API (v1), Fabric Data Generation API (v1), Fabric API Base, Fabric Models (v0), Fabric Item API (v1), Fabric Command API (v2), Fabric Content Registries (v0), Fabric Transitive Access Wideners (v1), Fabric Client Tags, Fabric Sound API (v1), Fabric Biome API (v1), Celestial Spheres, Fabric Networking API (v1), Fabric Renderer - Indigo, Fabric Loader, Fabric API Lookup API (v1), Fabric Rendering Fluids (v1), Fabric API, Fabric Loot API (v2), Fabric Rendering (v1), Fabric Convention Tags, Fabric Resource Conditions API (v1), Fabric Transfer API (v1), Fabric Events Interaction (v0), Fabric Screen API (v1), Fabric Key Binding API (v1), Fabric Item Group API (v1), Fabric Crash Report Info (v1), Fabric Particles (v1), Fabric Object Builder API (v1), Fabric BlockRenderLayer Registration (v1), Fabric Rendering Data Attachment (v1), Fabric Game Rule API (v1), Fabric Mining Level API (v1))
[13:48:39] [Render thread/INFO] (celestialspheres) This line is printed by an example mod mixin!
[13:48:44] [Realms Notification Availability checker #1/INFO] (Minecraft) Could not authorize you against Realms server: Invalid session id
[13:49:10] [Render thread/WARN] (Minecraft) Missing sound for event: minecraft:item.goat_horn.play
[13:49:10] [Render thread/WARN] (Minecraft) Missing sound for event: minecraft:entity.goat.screaming.horn_break
[13:49:10] [Render thread/INFO] (Minecraft) OpenAL initialized on device CoreAudio Default
[13:49:10] [Render thread/INFO] (Minecraft) Sound engine started
[13:49:10] [Render thread/INFO] (Minecraft) Created: 1024x1024x4 minecraft:textures/atlas/blocks.png-atlas
[13:49:10] [Render thread/INFO] (Minecraft) Created: 512x256x4 minecraft:textures/atlas/signs.png-atlas
[13:49:10] [Render thread/INFO] (Minecraft) Created: 1024x512x4 minecraft:textures/atlas/shield_patterns.png-atlas
[13:49:10] [Render thread/INFO] (Minecraft) Created: 1024x512x4 minecraft:textures/atlas/banner_patterns.png-atlas
[13:49:10] [Render thread/INFO] (Minecraft) Created: 256x256x4 minecraft:textures/atlas/chest.png-atlas
[13:49:10] [Render thread/INFO] (Minecraft) Created: 512x256x4 minecraft:textures/atlas/shulker_boxes.png-atlas
[13:49:10] [Render thread/INFO] (Minecraft) Created: 512x256x4 minecraft:textures/atlas/beds.png-atlas
[13:49:12] [Render thread/WARN] (Minecraft) Shader rendertype_entity_translucent_emissive could not find sampler named Sampler2 in the specified shader program.
[13:49:12] [Render thread/INFO] (Minecraft) Created: 512x256x0 minecraft:textures/atlas/particles.png-atlas
[13:49:12] [Render thread/INFO] (Minecraft) Created: 256x256x0 minecraft:textures/atlas/paintings.png-atlas
[13:49:12] [Render thread/INFO] (Minecraft) Created: 256x128x0 minecraft:textures/atlas/mob_effects.png-atlas
[13:49:12] [Render thread/INFO] (celestialspheres) This line is printed by an example mod mixin!
[13:49:29] [Worker-Bootstrap-4/INFO] (Minecraft) 4445 Datafixer optimizations took 74075 milliseconds
[13:49:42] [Render thread/INFO] (Minecraft) Loaded 7 recipes
[13:49:43] [Render thread/INFO] (Minecraft) Loaded 1179 advancements
[13:49:43] [Render thread/INFO] (BiomeModificationImpl) Applied 0 biome modifications to 0 of 63 new biomes in 2.871 ms
[13:49:44] [Server thread/INFO] (Minecraft) Starting integrated minecraft server version 1.19.3
[13:49:44] [Server thread/INFO] (Minecraft) Generating keypair
[13:49:47] [Server thread/INFO] (Minecraft) Preparing start region for dimension minecraft:overworld
[13:49:51] [Render thread/INFO] (Minecraft) Preparing spawn area: 0%
[13:49:51] [Render thread/INFO] (Minecraft) Preparing spawn area: 0%
[13:49:51] [Render thread/INFO] (Minecraft) Preparing spawn area: 0%
[13:49:51] [Render thread/INFO] (Minecraft) Preparing spawn area: 0%
[13:49:51] [Render thread/INFO] (Minecraft) Preparing spawn area: 0%
[13:49:51] [Render thread/INFO] (Minecraft) Preparing spawn area: 0%
[13:49:51] [Render thread/INFO] (Minecraft) Preparing spawn area: 0%
[13:49:51] [Render thread/INFO] (Minecraft) Preparing spawn area: 0%
[13:49:51] [Render thread/INFO] (Minecraft) Preparing spawn area: 0%
[13:49:51] [Render thread/INFO] (Minecraft) Preparing spawn area: 0%
[13:49:52] [Render thread/INFO] (Minecraft) Preparing spawn area: 1%
[13:49:52] [Render thread/INFO] (Minecraft) Preparing spawn area: 55%
[13:49:53] [Render thread/INFO] (Minecraft) Time elapsed: 6105 ms
[13:49:53] [Server thread/INFO] (Minecraft) Changing view distance to 12, from 10
[13:49:53] [Server thread/INFO] (Minecraft) Changing simulation distance to 12, from 0
[13:49:54] [Server thread/INFO] (Minecraft) Player944[local:E:0e5a7df8] logged in with entity id 211 at (-33.92219110976125, 69.0, 38.69010259312352)
[13:49:54] [Server thread/INFO] (Minecraft) Player944 joined the game
[13:49:56] [Render thread/INFO] (Minecraft) Loaded 0 advancements
[13:49:58] [Server thread/WARN] (Minecraft) Can't keep up! Is the server overloaded? Running 2163ms or 43 ticks behind
[13:50:02] [Server thread/INFO] (Minecraft) Saving and pausing game...
[13:50:03] [Server thread/INFO] (Minecraft) Saving chunks for level 'ServerLevel[New World]'/minecraft:overworld
[13:50:04] [Server thread/INFO] (Minecraft) Saving chunks for level 'ServerLevel[New World]'/minecraft:the_end
[13:50:04] [Server thread/INFO] (Minecraft) Saving chunks for level 'ServerLevel[New World]'/minecraft:the_nether
[13:50:38] [Render thread/INFO] (Minecraft) [System] [CHAT] Saved screenshot as 2022-12-20_13.50.38.png
[13:50:40] [Server thread/INFO] (Minecraft) Saving and pausing game...
[13:50:40] [Server thread/INFO] (Minecraft) Saving chunks for level 'ServerLevel[New World]'/minecraft:overworld
[13:50:40] [Server thread/INFO] (Minecraft) Saving chunks for level 'ServerLevel[New World]'/minecraft:the_end
[13:50:40] [Server thread/INFO] (Minecraft) Saving chunks for level 'ServerLevel[New World]'/minecraft:the_nether
[13:50:40] [Server thread/INFO] (Minecraft) Player944 lost connection: Disconnected
[13:50:40] [Server thread/INFO] (Minecraft) Player944 left the game
[13:50:40] [Server thread/INFO] (Minecraft) Stopping singleplayer server as player logged out
[13:50:40] [Server thread/INFO] (Minecraft) Stopping server
[13:50:40] [Server thread/INFO] (Minecraft) Saving players
[13:50:40] [Server thread/INFO] (Minecraft) Saving worlds
[13:50:42] [Server thread/INFO] (Minecraft) Saving chunks for level 'ServerLevel[New World]'/minecraft:overworld
[13:50:42] [Server thread/INFO] (Minecraft) Saving chunks for level 'ServerLevel[New World]'/minecraft:the_end
[13:50:42] [Server thread/INFO] (Minecraft) Saving chunks for level 'ServerLevel[New World]'/minecraft:the_nether
[13:50:42] [Server thread/INFO] (Minecraft) ThreadedAnvilChunkStorage (New World): All chunks are saved
[13:50:42] [Server thread/INFO] (Minecraft) ThreadedAnvilChunkStorage (DIM1): All chunks are saved
[13:50:42] [Server thread/INFO] (Minecraft) ThreadedAnvilChunkStorage (DIM-1): All chunks are saved
[13:50:42] [Server thread/INFO] (Minecraft) ThreadedAnvilChunkStorage: All dimensions are saved
[13:50:43] [Render thread/INFO] (celestialspheres) This line is printed by an example mod mixin!
[13:50:43] [Render thread/INFO] (Minecraft) Stopping!
